<?xml version="1.0" encoding="UTF-8"?>
<testsuite name="assign4.fileWriter.DuplicateRemoverWithFileWriterTest" tests="2" skipped="0" failures="0" errors="0" timestamp="2015-04-18T04:58:44" hostname="AspireS7" time="0.054">
  <properties/>
  <testcase name="testCombineWriterWriteWithDuplicateRemover" classname="assign4.fileWriter.DuplicateRemoverWithFileWriterTest" time="0.051"/>
  <testcase name="testResultBeforeAndAfterLowerCaseWhenOperatorIsSet" classname="assign4.fileWriter.DuplicateRemoverWithFileWriterTest" time="0.002"/>
  <system-out><![CDATA[]]></system-out>
  <system-err><![CDATA[]]></system-err>
</testsuite>
