<?xml version="1.0" encoding="UTF-8"?>
<testsuite name="assign4.stringwriter.StringWriterTest" tests="5" skipped="0" failures="0" errors="0" timestamp="2015-04-18T04:58:45" hostname="AspireS7" time="0.002">
  <properties/>
  <testcase name="testWriterReturnsStringForValidString" classname="assign4.stringwriter.StringWriterTest" time="0.0"/>
  <testcase name="testWriterAppendsToExistingContents" classname="assign4.stringwriter.StringWriterTest" time="0.0"/>
  <testcase name="testWriterReturnsEmptyStringForEmptyInputString" classname="assign4.stringwriter.StringWriterTest" time="0.0"/>
  <testcase name="testWriterAppendsWithNewlineCharacter" classname="assign4.stringwriter.StringWriterTest" time="0.0"/>
  <testcase name="testCanary" classname="assign4.stringwriter.StringWriterTest" time="0.0"/>
  <system-out><![CDATA[]]></system-out>
  <system-err><![CDATA[]]></system-err>
</testsuite>
