<?xml version="1.0" encoding="UTF-8"?>
<testsuite name="assign4.stringwriter.LowerCaseConverterTest" tests="4" skipped="0" failures="0" errors="0" timestamp="2015-04-18T04:58:45" hostname="AspireS7" time="0.001">
  <properties/>
  <testcase name="testConvertAllUpperCaseStringToLowerCase" classname="assign4.stringwriter.LowerCaseConverterTest" time="0.0"/>
  <testcase name="testConvertEmptyStringToLowerCase" classname="assign4.stringwriter.LowerCaseConverterTest" time="0.0"/>
  <testcase name="testConvertSomeUpperCaseStringToLowerCase" classname="assign4.stringwriter.LowerCaseConverterTest" time="0.0"/>
  <testcase name="testConvertAllLowerCaseStringToLowerCase" classname="assign4.stringwriter.LowerCaseConverterTest" time="0.0"/>
  <system-out><![CDATA[]]></system-out>
  <system-err><![CDATA[]]></system-err>
</testsuite>
