<?xml version="1.0" encoding="UTF-8"?>
<testsuite name="assign4.fileWriter.StupidConverterWithFileWriterTest" tests="2" skipped="0" failures="0" errors="0" timestamp="2015-04-18T04:58:45" hostname="AspireS7" time="0.14">
  <properties/>
  <testcase name="testResultBeforeAndAfterStupidConverterWhenOperatorIsSet" classname="assign4.fileWriter.StupidConverterWithFileWriterTest" time="0.036"/>
  <testcase name="testCombineWriterWriteWithStupidConverter" classname="assign4.fileWriter.StupidConverterWithFileWriterTest" time="0.057"/>
  <system-out><![CDATA[]]></system-out>
  <system-err><![CDATA[]]></system-err>
</testsuite>
