<?xml version="1.0" encoding="UTF-8"?>
<testsuite name="assign4.fileWriter.UpperCaseConverterWithFileWriterTest" tests="2" skipped="0" failures="0" errors="0" timestamp="2015-04-18T04:58:45" hostname="AspireS7" time="0.053">
  <properties/>
  <testcase name="testResultBeforeAndAfterUpperCaseWhenOperatorIsSet" classname="assign4.fileWriter.UpperCaseConverterWithFileWriterTest" time="0.048"/>
  <testcase name="testCombineWriterWriteWithUpperCaseConverter" classname="assign4.fileWriter.UpperCaseConverterWithFileWriterTest" time="0.005"/>
  <system-out><![CDATA[]]></system-out>
  <system-err><![CDATA[]]></system-err>
</testsuite>
