<?xml version="1.0" encoding="UTF-8"?>
<testsuite name="assign4.stringwriter.LowerCaseConverterWithUpperCaseTest" tests="2" skipped="0" failures="0" errors="0" timestamp="2015-04-18T04:58:45" hostname="AspireS7" time="0.004">
  <properties/>
  <testcase name="testCombineLowerCaseConverterWithUpperCaseConverter" classname="assign4.stringwriter.LowerCaseConverterWithUpperCaseTest" time="0.002"/>
  <testcase name="testCombineUpperCaseConverterWithLowerCaseConverter" classname="assign4.stringwriter.LowerCaseConverterWithUpperCaseTest" time="0.001"/>
  <system-out><![CDATA[]]></system-out>
  <system-err><![CDATA[]]></system-err>
</testsuite>
