<?xml version="1.0" encoding="UTF-8"?>
<testsuite name="assign4.stringwriter.DuplicateRemoverWithStupidConverterTest" tests="2" skipped="0" failures="0" errors="0" timestamp="2015-04-18T04:58:45" hostname="AspireS7" time="0.012">
  <properties/>
  <testcase name="testCombineDuplicateRemoverWithStupidConverter" classname="assign4.stringwriter.DuplicateRemoverWithStupidConverterTest" time="0.004"/>
  <testcase name="testCombineStupidConverterWithDuplicateRemover" classname="assign4.stringwriter.DuplicateRemoverWithStupidConverterTest" time="0.008"/>
  <system-out><![CDATA[]]></system-out>
  <system-err><![CDATA[]]></system-err>
</testsuite>
