<?xml version="1.0" encoding="UTF-8"?>
<testsuite name="assign4.stringwriter.StupidConverterTest" tests="4" skipped="0" failures="0" errors="0" timestamp="2015-04-18T04:58:45" hostname="AspireS7" time="0.013">
  <properties/>
  <testcase name="testReplacingTheWordStupidOnAnEmptyString" classname="assign4.stringwriter.StupidConverterTest" time="0.001"/>
  <testcase name="testReplaceOccurrenceOfTheWordStupid" classname="assign4.stringwriter.StupidConverterTest" time="0.005"/>
  <testcase name="testReplaceMultipleOccurrencesOfTheWordStupid" classname="assign4.stringwriter.StupidConverterTest" time="0.0"/>
  <testcase name="testNoOccurrencesOfTheWordStupid" classname="assign4.stringwriter.StupidConverterTest" time="0.0"/>
  <system-out><![CDATA[]]></system-out>
  <system-err><![CDATA[]]></system-err>
</testsuite>
