<?xml version="1.0" encoding="UTF-8"?>
<testsuite name="assign4.fileWriter.FileWriterTest" tests="8" skipped="0" failures="0" errors="0" timestamp="2015-04-18T04:58:44" hostname="AspireS7" time="0.762">
  <properties/>
  <testcase name="testFileWriterThrowsExceptionForInvalidFile" classname="assign4.fileWriter.FileWriterTest" time="0.017"/>
  <testcase name="testFileWriterWritesInputToValidFile" classname="assign4.fileWriter.FileWriterTest" time="0.542"/>
  <testcase name="testFileWriterAppendsInputToExistingFile" classname="assign4.fileWriter.FileWriterTest" time="0.054"/>
  <testcase name="testWriterReturnsStringForValidString" classname="assign4.fileWriter.FileWriterTest" time="0.036"/>
  <testcase name="testWriterAppendsToExistingContents" classname="assign4.fileWriter.FileWriterTest" time="0.007"/>
  <testcase name="testWriterReturnsEmptyStringForEmptyInputString" classname="assign4.fileWriter.FileWriterTest" time="0.047"/>
  <testcase name="testWriterAppendsWithNewlineCharacter" classname="assign4.fileWriter.FileWriterTest" time="0.026"/>
  <testcase name="testCanary" classname="assign4.fileWriter.FileWriterTest" time="0.004"/>
  <system-out><![CDATA[]]></system-out>
  <system-err><![CDATA[]]></system-err>
</testsuite>
