<?xml version="1.0" encoding="UTF-8"?>
<testsuite name="assign4.stringwriter.LowerCaseConverterWithStupidConverterTest" tests="2" skipped="0" failures="0" errors="0" timestamp="2015-04-18T04:58:45" hostname="AspireS7" time="0.003">
  <properties/>
  <testcase name="testCombineLowerCaseConverterWithStupidConverter" classname="assign4.stringwriter.LowerCaseConverterWithStupidConverterTest" time="0.002"/>
  <testcase name="testCombineStupidConverterWithLowerCaseConverter" classname="assign4.stringwriter.LowerCaseConverterWithStupidConverterTest" time="0.001"/>
  <system-out><![CDATA[]]></system-out>
  <system-err><![CDATA[]]></system-err>
</testsuite>
