<?xml version="1.0" encoding="UTF-8"?>
<testsuite name="weathermap.WeatherMapTest" tests="25" skipped="0" failures="0" errors="0" timestamp="2015-07-01T04:51:50" hostname="AspireS7" time="0.091">
  <properties/>
  <testcase name="testGetCityWithColdestTemperatureWhenNoDataExists" classname="weathermap.WeatherMapTest" time="0.032"/>
  <testcase name="testSortByCityForAlreadySortedData" classname="weathermap.WeatherMapTest" time="0.012"/>
  <testcase name="testGetWeatherReportForOneCityThatDoesNotExist" classname="weathermap.WeatherMapTest" time="0.012"/>
  <testcase name="testSortingWhenCityNamesAndTemperatureAreSame" classname="weathermap.WeatherMapTest" time="0.0"/>
  <testcase name="testSortWhenThereIsABlankCity" classname="weathermap.WeatherMapTest" time="0.002"/>
  <testcase name="testGetCityWithHottestTemperature" classname="weathermap.WeatherMapTest" time="0.001"/>
  <testcase name="testTransformCityAndHandleExceptionsFromServiceCatchRuntimeException" classname="weathermap.WeatherMapTest" time="0.002"/>
  <testcase name="testGetWeatherReportReturnsDataForMultipleCities" classname="weathermap.WeatherMapTest" time="0.001"/>
  <testcase name="testTiedHottestCitiesAreReturnedAlphabetically" classname="weathermap.WeatherMapTest" time="0.001"/>
  <testcase name="testSortByCityAlphabetically" classname="weathermap.WeatherMapTest" time="0.001"/>
  <testcase name="testTiedColdestCitiesAreReturnedAlphabetically" classname="weathermap.WeatherMapTest" time="0.001"/>
  <testcase name="testGetExceptionMessageForCityWithExceptionMessage" classname="weathermap.WeatherMapTest" time="0.002"/>
  <testcase name="testGetWeatherReportReturnsEmptyListWhenNoThereIsNoServiceProvider" classname="weathermap.WeatherMapTest" time="0.001"/>
  <testcase name="testColdestCitesWithNegativeZeroAppearBeforePositiveZero" classname="weathermap.WeatherMapTest" time="0.002"/>
  <testcase name="testGetCityWithColdestTemperature" classname="weathermap.WeatherMapTest" time="0.001"/>
  <testcase name="testSortingWhenCityNamesAreSameOrderByTemperature" classname="weathermap.WeatherMapTest" time="0.001"/>
  <testcase name="testGetWeatherReportForMultipleCitiesWithOneIncorrectCity" classname="weathermap.WeatherMapTest" time="0.001"/>
  <testcase name="testWhenThereAreMultipleBlankCitiesSortByCityThenTemperature" classname="weathermap.WeatherMapTest" time="0.0"/>
  <testcase name="testWeatherReportWhenServiceFailsForAllCities" classname="weathermap.WeatherMapTest" time="0.002"/>
  <testcase name="testGetExceptionMessageForCityReturnsEmptyStringIfThereIsNoException" classname="weathermap.WeatherMapTest" time="0.001"/>
  <testcase name="testCanary" classname="weathermap.WeatherMapTest" time="0.001"/>
  <testcase name="testGetCityWithHottestTemperatureWhenThereIsNoData" classname="weathermap.WeatherMapTest" time="0.002"/>
  <testcase name="testWhenThereAreNoCitiesSortByTemperature" classname="weathermap.WeatherMapTest" time="0.0"/>
  <testcase name="testGetWeatherReportReturnsDataForSingleCity" classname="weathermap.WeatherMapTest" time="0.0"/>
  <testcase name="testWeatherReportIsEmptyForEmptyListOfInputCities" classname="weathermap.WeatherMapTest" time="0.001"/>
  <system-out><![CDATA[Optional[java.lang.RuntimeException: Weather Service Failed.]
Weather Service Failed.
]]></system-out>
  <system-err><![CDATA[]]></system-err>
</testsuite>
