<?xml version="1.0" encoding="UTF-8"?>
<testsuite name="assign3.fibonacci.FibonacciIterativeTest" tests="6" skipped="0" failures="0" errors="0" timestamp="2015-04-01T01:54:14" hostname="AspireS7" time="0.037">
  <properties/>
  <testcase name="testIfPositionIsLessThanZeroReturnNegativeOne" classname="assign3.fibonacci.FibonacciIterativeTest" time="0.009"/>
  <testcase name="testValidPositionReturnsCorrectFibonacciNumber" classname="assign3.fibonacci.FibonacciIterativeTest" time="0.014"/>
  <testcase name="testIfPositionIsZeroReturnFibonacciOne" classname="assign3.fibonacci.FibonacciIterativeTest" time="0.0"/>
  <testcase name="testIfPositionIsOneReturnFibonacciOne" classname="assign3.fibonacci.FibonacciIterativeTest" time="0.0"/>
  <testcase name="testIfPositionTwoReturnsCorrectFibonacciNumber" classname="assign3.fibonacci.FibonacciIterativeTest" time="0.003"/>
  <testcase name="testCanary" classname="assign3.fibonacci.FibonacciIterativeTest" time="0.001"/>
  <system-out><![CDATA[]]></system-out>
  <system-err><![CDATA[]]></system-err>
</testsuite>
